<?xml version="1.0" encoding="UTF-8"?>
<!-- Generated by org.testng.reporters.JUnitXMLReporter -->
<testsuite ignored="0" hostname="SVROLP04015" failures="1" tests="1" name="Test" time="13.007" errors="0" timestamp="2024-10-09T11:11:35 EEST">
  <testcase classname="testCases.HomePageTest" name="isSelectDisplayed" time="2.078">
    <failure type="java.lang.AssertionError" message="expected [false] but found [true]">
      <![CDATA[java.lang.AssertionError: expected [false] but found [true]
at testCases.HomePageTest.isSelectDisplayed(HomePageTest.java:20)
at java.base/java.util.ArrayList.forEach(ArrayList.java:1511)
... Removed 34 stack frames]]>
    </failure>
  </testcase> <!-- isSelectDisplayed -->
</testsuite> <!-- Test -->
