<?xml version="1.0" encoding="UTF-8"?>
<testng-results ignored="0" total="1" passed="1" failed="0" skipped="0">
  <reporter-output>
  </reporter-output>
  <suite started-at="2024-10-09T10:05:56 EEST" name="Default suite" finished-at="2024-10-09T10:06:14 EEST" duration-ms="18058">
    <groups>
    </groups>
    <test started-at="2024-10-09T10:05:56 EEST" name="Default test" finished-at="2024-10-09T10:06:14 EEST" duration-ms="18058">
      <class name="testCases.HomePageTest">
        <test-method is-config="true" signature="setup()[pri:0, instance:testCases.HomePageTest@46271dd6]" started-at="2024-10-09T10:05:56 EEST" name="setup" finished-at="2024-10-09T10:06:14 EEST" duration-ms="17738" status="PASS">
          <reporter-output>
          </reporter-output>
        </test-method> <!-- setup -->
        <test-method signature="isSelectDisplayed()[pri:0, instance:testCases.HomePageTest@46271dd6]" started-at="2024-10-09T10:06:14 EEST" name="isSelectDisplayed" finished-at="2024-10-09T10:06:14 EEST" duration-ms="73" status="PASS">
          <reporter-output>
          </reporter-output>
        </test-method> <!-- isSelectDisplayed -->
        <test-method is-config="true" signature="tearDown()[pri:0, instance:testCases.HomePageTest@46271dd6]" started-at="2024-10-09T10:06:14 EEST" name="tearDown" finished-at="2024-10-09T10:06:14 EEST" duration-ms="195" status="PASS">
          <reporter-output>
          </reporter-output>
        </test-method> <!-- tearDown -->
      </class> <!-- testCases.HomePageTest -->
    </test> <!-- Default test -->
  </suite> <!-- Default suite -->
</testng-results>
